make --dry-run --always-make --keep-going --print-directory
make: Entering directory `/Users/yubchoi/42-Cursus/02-push_swap'
gcc -Wall -Werror -Wextra   -c -o src/main.o src/main.c
gcc -Wall -Werror -Wextra   -c -o src/exit.o src/exit.c
gcc -Wall -Werror -Wextra   -c -o src/stack.o src/stack.c
gcc -Wall -Werror -Wextra   -c -o src/index.o src/index.c
gcc -Wall -Werror -Wextra   -c -o src/command/push.o src/command/push.c
gcc -Wall -Werror -Wextra   -c -o src/command/rotate.o src/command/rotate.c
gcc -Wall -Werror -Wextra   -c -o src/command/rrotate.o src/command/rrotate.c
gcc -Wall -Werror -Wextra   -c -o src/command/swap.o src/command/swap.c
gcc -Wall -Werror -Wextra   -c -o src/count/count_init.o src/count/count_init.c
gcc -Wall -Werror -Wextra   -c -o src/count/count_sort.o src/count/count_sort.c
gcc -Wall -Werror -Wextra   -c -o src/init/init_util.o src/init/init_util.c
gcc -Wall -Werror -Wextra   -c -o src/init/init.o src/init/init.c
gcc -Wall -Werror -Wextra   -c -o src/sort/sort_a.o src/sort/sort_a.c
gcc -Wall -Werror -Wextra   -c -o src/sort/sort_five.o src/sort/sort_five.c
gcc -Wall -Werror -Wextra   -c -o src/sort/sort_greedy.o src/sort/sort_greedy.c
gcc -Wall -Werror -Wextra   -c -o src/sort/sort_three.o src/sort/sort_three.c
gcc -Wall -Werror -Wextra   -c -o src/sort/sort.o src/sort/sort.c
gcc -Wall -Werror -Wextra   -c -o src/sort/do_sort.o src/sort/do_sort.c
gcc -Wall -Werror -Wextra   -c -o src/push_num/push_num_to_a.o src/push_num/push_num_to_a.c
gcc -Wall -Werror -Wextra   -c -o src/push_num/push_num_to_b.o src/push_num/push_num_to_b.c
/Applications/Xcode.app/Contents/Developer/usr/bin/make -C ./libft
make[1]: Entering directory `/Users/yubchoi/42-Cursus/02-push_swap/libft'
gcc -Wall -Wextra -Werror   -c -o ft_split.o ft_split.c
gcc -Wall -Wextra -Werror   -c -o ft_isdigit.o ft_isdigit.c
gcc -Wall -Wextra -Werror   -c -o ft_atoi.o ft_atoi.c
ar crs libft.a ft_split.o ft_isdigit.o ft_atoi.o
make[1]: Leaving directory `/Users/yubchoi/42-Cursus/02-push_swap/libft'
gcc -Wall -Werror -Wextra -L./libft -lft  src/main.c src/exit.c src/stack.c src/index.c src/command/push.c src/command/rotate.c src/command/rrotate.c src/command/swap.c src/count/count_init.c src/count/count_sort.c src/init/init_util.c src/init/init.c src/sort/sort_a.c src/sort/sort_five.c src/sort/sort_greedy.c src/sort/sort_three.c src/sort/sort.c src/sort/do_sort.c src/push_num/push_num_to_a.c src/push_num/push_num_to_b.c  -o push_swap
make: Leaving directory `/Users/yubchoi/42-Cursus/02-push_swap'
 
