make all --print-data-base --no-builtin-variables --no-builtin-rules --question
# GNU Make 3.81
# Copyright (C) 2006  Free Software Foundation, Inc.
# This is free software; see the source for copying conditions.
# There is NO warranty; not even for MERCHANTABILITY or FITNESS FOR A
# PARTICULAR PURPOSE.

# This program built for i386-apple-darwin11.3.0
 
make: *** No rule to make target `src/main.o', needed by `push_swap'.  Stop.


# Make data base, printed on Fri Jul  1 17:58:18 2022

# Variables

# automatic
<D = $(patsubst %/,%,$(dir $<))
# automatic
?F = $(notdir $?)
# environment
VSCODE_LOG_NATIVE = false
# makefile (from `Makefile', line 25)
SRCS_BONUS = src/checker/checker.c src/count/count_init.c src/init/init_util.c src/init/init.c src/exit.c src/stack.c src/index.c src/command/push.c src/command/rotate.c src/command/rrotate.c src/command/swap.c libgnl/get_next_line.c libgnl/get_next_line_utils.c 
# automatic
?D = $(patsubst %/,%,$(dir $?))
# automatic
@D = $(patsubst %/,%,$(dir $@))
# automatic
@F = $(notdir $@)
# makefile
CURDIR := /Users/yubchoi/42-Cursus/02-push_swap
# makefile
SHELL = /bin/sh
# makefile (from `Makefile', line 50)
RM = rm -f
# environment
VSCODE_NLS_CONFIG = {"locale":"ko","availableLanguages":{},"_languagePackSupport":true}
# environment
_ = /usr/bin/make
# makefile (from `Makefile', line 46)
CFLAGS = -Wall -Werror -Wextra
# makefile (from `Makefile', line 2)
NAME_BONUS = checker
# makefile (from `Makefile', line 1)
MAKEFILE_LIST :=  Makefile
# environment
VSCODE_VERBOSE_LOGGING = true
# makefile (from `Makefile', line 39)
OBJS = $(SRCS:%.c=%.o)
# environment
VSCODE_IPC_HOOK_EXTHOST = /var/folders/zz/zyxvpxvq6csfxvn_n000clyw0034zq/T/vscode-ipc-c2fec775-0ebb-449c-ac58-353837233895.sock
# environment
VSCODE_CWD = /
# environment
PATH = /Applications/Visual Studio Code.app/Contents/Resources/app/bin:/usr/local/bin:/usr/bin:/bin:/usr/sbin:/sbin:/usr/local/munki
# environment
LSCOLORS = Gxfxcxdxbxegedabagacad
# makefile (from `Makefile', line 49)
AR = ar crs
# environment
VSCODE_LOG_STACK = false
# environment
ELECTRON_RUN_AS_NODE = 1
# default
.FEATURES := target-specific order-only second-expansion else-if archives jobserver check-symlink
# makefile (from `Makefile', line 47)
CLIBFT = -L./libft -lft 
# environment
SSH_AUTH_SOCK = /private/tmp/com.apple.launchd.uAXqkxDD34/Listeners
# automatic
%F = $(notdir $%)
# environment
VSCODE_PIPE_LOGGING = true
# environment
PWD = /Users/yubchoi/42-Cursus/02-push_swap
# makefile (from `Makefile', line 40)
OBJS_BONUS = $(SRCS_BONUS:%.c=%.o)
# environment
ORIGINAL_XDG_CURRENT_DESKTOP = undefined
# environment
VSCODE_AMD_ENTRYPOINT = vs/workbench/api/node/extensionHostProcess
# environment
HOME = /Users/yubchoi
# default
MAKEFILEPATH := /Applications/Xcode.app/Contents/Developer/Makefiles
# environment
VSCODE_CODE_CACHE_PATH = /Users/yubchoi/Library/Application Support/Code/CachedData/c3511e6c69bb39013c4a4b7b9566ec1ca73fc4d5
# environment
LOGNAME = yubchoi
# environment
APPLICATION_INSIGHTS_NO_DIAGNOSTIC_CHANNEL = 1
# environment
ZSH = /Users/yubchoi/.oh-my-zsh
# environment
VSCODE_HANDLES_UNCAUGHT_ERRORS = true
# automatic
^D = $(patsubst %/,%,$(dir $^))
# environment
XPC_FLAGS = 0x0
# default
MAKE = $(MAKE_COMMAND)
# default
MAKECMDGOALS := all
# makefile (from `Makefile', line 4)
SRCS = src/main.c src/exit.c src/stack.c src/index.c src/command/push.c src/command/rotate.c src/command/rrotate.c src/command/swap.c src/count/count_init.c src/count/count_sort.c src/init/init_util.c src/init/init.c src/sort/sort_a.c src/sort/sort_five.c src/sort/sort_greedy.c src/sort/sort_three.c src/sort/sort.c src/sort/do_sort.c src/push_num/push_num_to_a.c src/push_num/push_num_to_b.c 
# environment
SHLVL = 1
# makefile (from `Makefile', line 42)
LIBFT = ./libft
# makefile (from `Makefile', line 45)
CC = gcc
# default
MAKE_VERSION := 3.81
# environment
USER = yubchoi
# makefile (from `Makefile', line 48)
CLIBGNL = -L./libgnl -lgnl
# makefile
.DEFAULT_GOAL := all
# makefile (from `Makefile', line 1)
NAME = push_swap
# environment
LESS = -R
# automatic
%D = $(patsubst %/,%,$(dir $%))
# default
MAKE_COMMAND := /Applications/Xcode.app/Contents/Developer/usr/bin/make
# default
.VARIABLES := 
# environment
TMPDIR = /var/folders/zz/zyxvpxvq6csfxvn_n000clyw0034zq/T/
# automatic
*F = $(notdir $*)
# environment
VSCODE_IPC_HOOK = /Users/yubchoi/Library/Application Support/Code/1.67.2-main.sock
# makefile
MAKEFLAGS = Rrqp
# environment
MFLAGS = -Rrqp
# automatic
*D = $(patsubst %/,%,$(dir $*))
# environment
XPC_SERVICE_NAME = com.microsoft.VSCode.2132
# automatic
+D = $(patsubst %/,%,$(dir $+))
# automatic
+F = $(notdir $+)
# environment
__CF_USER_TEXT_ENCODING = 0x193F7:0x0:0x0
# default
MAKEFILES := 
# makefile (from `Makefile', line 43)
GNL = ./libgnl
# automatic
<F = $(notdir $<)
# environment
PAGER = less
# environment
LC_ALL = C
# automatic
^F = $(notdir $^)
# default
SUFFIXES := 
# default
.INCLUDE_DIRS = /usr/local/include
# environment
MAKELEVEL := 0
# environment
LANG = C
# environment
VSCODE_PID = 11041
# variable set hash-table stats:
# Load=78/1024=8%, Rehash=0, Collisions=5/112=4%

# Pattern-specific Variable Values

# No pattern-specific variable values.

# Directories

# . (device 16777225, inode 1722553): 12 files, no impossibilities.

# 12 files, no impossibilities in 1 directories.

# Implicit Rules

# No implicit rules.

# Files

# Not a target:
src/command/rotate.o:
#  Implicit rule search has not been done.
#  Modification time never checked.
#  File has not been updated.

# Not a target:
src/index.o:
#  Implicit rule search has not been done.
#  Modification time never checked.
#  File has not been updated.

# Not a target:
libgnl/get_next_line_utils.o:
#  Implicit rule search has not been done.
#  Modification time never checked.
#  File has not been updated.

all: push_swap
#  Phony target (prerequisite of .PHONY).
#  Command-line target.
#  Implicit rule search has not been done.
#  File does not exist.
#  File has not been updated.
# variable set hash-table stats:
# Load=0/32=0%, Rehash=0, Collisions=0/0=0%

# Not a target:
/Applications/Xcode.app/Contents/Developer/usr/bin/make:
#  Implicit rule search has not been done.
#  Modification time never checked.
#  File has not been updated.

.PHONY: all bonus clean fclean re
#  Implicit rule search has not been done.
#  Modification time never checked.
#  File has not been updated.

# Not a target:
src/main.o:
#  Implicit rule search has been done.
#  File does not exist.
#  File has not been updated.
# variable set hash-table stats:
# Load=0/32=0%, Rehash=0, Collisions=0/0=0%

# Not a target:
src/sort/sort_greedy.o:
#  Implicit rule search has not been done.
#  Modification time never checked.
#  File has not been updated.

# Not a target:
src/sort/sort_three.o:
#  Implicit rule search has not been done.
#  Modification time never checked.
#  File has not been updated.

# Not a target:
src/checker/checker.o:
#  Implicit rule search has not been done.
#  Modification time never checked.
#  File has not been updated.

# Not a target:
.SUFFIXES:
#  Implicit rule search has not been done.
#  Modification time never checked.
#  File has not been updated.

# Not a target:
Makefile:
#  Implicit rule search has been done.
#  Last modified 2022-06-28 16:05:48
#  File has been updated.
#  Successfully updated.
# variable set hash-table stats:
# Load=0/32=0%, Rehash=0, Collisions=0/0=0%

# Not a target:
src/push_num/push_num_to_a.o:
#  Implicit rule search has not been done.
#  Modification time never checked.
#  File has not been updated.

# Not a target:
libgnl/get_next_line.o:
#  Implicit rule search has not been done.
#  Modification time never checked.
#  File has not been updated.

bonus: checker
#  Phony target (prerequisite of .PHONY).
#  Implicit rule search has not been done.
#  File does not exist.
#  File has not been updated.

fclean: clean
#  Phony target (prerequisite of .PHONY).
#  Implicit rule search has not been done.
#  File does not exist.
#  File has not been updated.
#  commands to execute (from `Makefile', line 76):
	$(MAKE) fclean -C ./$(LIBFT)
	$(MAKE) fclean -C ./$(GNL)
	$(RM) $(NAME)
	$(RM) $(NAME_BONUS)
	

# Not a target:
src/command/rrotate.o:
#  Implicit rule search has not been done.
#  Modification time never checked.
#  File has not been updated.

# Not a target:
src/count/count_sort.o:
#  Implicit rule search has not been done.
#  Modification time never checked.
#  File has not been updated.

# Not a target:
src/init/init_util.o:
#  Implicit rule search has not been done.
#  Modification time never checked.
 
#  File has not been updated.

# Not a target:
.DEFAULT:
#  Implicit rule search has not been done.
#  Modification time never checked.
#  File has not been updated.

# Not a target:
src/stack.o:
#  Implicit rule search has not been done.
#  Modification time never checked.
#  File has not been updated.

# Not a target:
src/push_num/push_num_to_b.o:
#  Implicit rule search has not been done.
#  Modification time never checked.
#  File has not been updated.

# Not a target:
src/sort/sort.o:
#  Implicit rule search has not been done.
#  Modification time never checked.
#  File has not been updated.

checker: src/checker/checker.o src/count/count_init.o src/init/init_util.o src/init/init.o src/exit.o src/stack.o src/index.o src/command/push.o src/command/rotate.o src/command/rrotate.o src/command/swap.o libgnl/get_next_line.o libgnl/get_next_line_utils.o
#  Implicit rule search has not been done.
#  Modification time never checked.
#  File has not been updated.
#  commands to execute (from `Makefile', line 63):
	$(MAKE) -C $(LIBFT)
	$(MAKE) -C $(GNL)
	$(CC) $(CFLAGS) $(CLIBFT) $(CLIBGNL) $(SRCS_BONUS) -o $(NAME_BONUS)
	

re: /Applications/Xcode.app/Contents/Developer/usr/bin/make fclean
#  Phony target (prerequisite of .PHONY).
#  Implicit rule search has not been done.
#  File does not exist.
#  File has not been updated.
#  commands to execute (from `Makefile', line 83):
	$(MAKE) all
	

clean:
#  Phony target (prerequisite of .PHONY).
#  Implicit rule search has not been done.
#  File does not exist.
#  File has not been updated.
#  commands to execute (from `Makefile', line 69):
	$(MAKE) clean -C $(LIBFT)
	$(MAKE) clean -C $(GNL)
	$(RM) $(OBJS)
	$(RM) $(OBJS_BONUS)
	

# Not a target:
src/count/count_init.o:
#  Implicit rule search has not been done.
#  Modification time never checked.
#  File has not been updated.

push_swap: src/main.o src/exit.o src/stack.o src/index.o src/command/push.o src/command/rotate.o src/command/rrotate.o src/command/swap.o src/count/count_init.o src/count/count_sort.o src/init/init_util.o src/init/init.o src/sort/sort_a.o src/sort/sort_five.o src/sort/sort_greedy.o src/sort/sort_three.o src/sort/sort.o src/sort/do_sort.o src/push_num/push_num_to_a.o src/push_num/push_num_to_b.o
#  Implicit rule search has not been done.
#  File does not exist.
#  File has not been updated.
# variable set hash-table stats:
# Load=0/32=0%, Rehash=0, Collisions=0/0=0%
#  commands to execute (from `Makefile', line 59):
	$(MAKE) -C $(LIBFT)
	$(CC) $(CFLAGS) $(CLIBFT) $(SRCS) -o $(NAME)
	

# Not a target:
src/sort/do_sort.o:
#  Implicit rule search has not been done.
#  Modification time never checked.
#  File has not been updated.

# Not a target:
src/init/init.o:
#  Implicit rule search has not been done.
#  Modification time never checked.
#  File has not been updated.

# Not a target:
src/sort/sort_a.o:
#  Implicit rule search has not been done.
#  Modification time never checked.
#  File has not been updated.

# Not a target:
src/sort/sort_five.o:
#  Implicit rule search has not been done.
#  Modification time never checked.
#  File has not been updated.

# Not a target:
src/exit.o:
#  Implicit rule search has not been done.
#  Modification time never checked.
#  File has not been updated.

# Not a target:
src/command/swap.o:
#  Implicit rule search has not been done.
#  Modification time never checked.
#  File has not been updated.

# Not a target:
src/command/push.o:
#  Implicit rule search has not been done.
#  Modification time never checked.
#  File has not been updated.

# files hash-table stats:
# Load=35/1024=3%, Rehash=0, Collisions=0/95=0%
# VPATH Search Paths

# No `vpath' search paths.

# No general (`VPATH' variable) search path.

# # of strings in strcache: 1
# # of strcache buffers: 1
# strcache size: total = 4096 / max = 4096 / min = 4096 / avg = 4096
# strcache free: total = 4087 / max = 4087 / min = 4087 / avg = 4087

# Finished Make data base on Fri Jul  1 17:58:18 2022

 
